2025-01-01T08:22:06+00:00 WARNING Empty patterns received from the PTK Pattern Store
2025-01-01T08:22:14+00:00 WARNING Empty patterns received from the PTK Pattern Store
2025-01-01T08:22:14+00:00 WARNING Empty patterns received from the PTK Pattern Store
2025-01-01T08:22:14+00:00 WARNING Empty patterns received from the PTK Pattern Store
2025-01-01T08:22:16+00:00 WARNING Empty patterns received from the PTK Pattern Store
2025-01-01T08:22:16+00:00 WARNING Empty patterns received from the PTK Pattern Store
2025-01-01T08:22:22+00:00 WARNING Empty patterns received from the PTK Pattern Store
2025-01-01T08:22:22+00:00 WARNING Empty patterns received from the PTK Pattern Store
2025-01-01T08:22:27+00:00 WARNING Empty patterns received from the PTK Pattern Store
2025-01-01T08:22:28+00:00 WARNING Empty patterns received from the PTK Pattern Store
2025-01-01T08:22:28+00:00 WARNING Empty patterns received from the PTK Pattern Store
2025-01-01T08:22:29+00:00 WARNING Empty patterns received from the PTK Pattern Store
2025-01-01T08:22:29+00:00 WARNING Empty patterns received from the PTK Pattern Store
2025-01-01T15:01:06+00:00 WARNING Empty patterns received from the PTK Pattern Store
2025-01-01T15:01:11+00:00 WARNING Empty patterns received from the PTK Pattern Store
2025-01-01T15:01:12+00:00 WARNING Empty patterns received from the PTK Pattern Store
2025-01-01T15:14:51+00:00 INFO Payment gateway enabled: "Cash on delivery"
2025-01-01T15:14:52+00:00 INFO Payment gateway enabled: "Check payments"
2025-01-01T15:14:55+00:00 INFO Payment gateway enabled: "Direct bank transfer"
2025-01-01T15:21:54+00:00 WARNING Empty patterns received from the PTK Pattern Store
2025-01-01T15:22:21+00:00 WARNING Empty patterns received from the PTK Pattern Store
2025-01-01T15:22:22+00:00 WARNING Empty patterns received from the PTK Pattern Store
2025-01-01T15:22:23+00:00 WARNING Empty patterns received from the PTK Pattern Store
2025-01-01T15:22:23+00:00 WARNING Empty patterns received from the PTK Pattern Store
2025-01-01T15:22:27+00:00 WARNING Empty patterns received from the PTK Pattern Store
2025-01-01T15:22:28+00:00 WARNING Empty patterns received from the PTK Pattern Store
2025-01-01T15:22:33+00:00 WARNING Empty patterns received from the PTK Pattern Store
2025-01-01T15:22:36+00:00 WARNING Empty patterns received from the PTK Pattern Store
2025-01-01T15:22:44+00:00 WARNING Empty patterns received from the PTK Pattern Store
2025-01-01T15:22:47+00:00 WARNING Empty patterns received from the PTK Pattern Store
2025-01-01T15:22:47+00:00 WARNING Empty patterns received from the PTK Pattern Store
2025-01-01T15:22:47+00:00 WARNING Empty patterns received from the PTK Pattern Store
2025-01-01T15:22:47+00:00 WARNING Empty patterns received from the PTK Pattern Store
2025-01-01T15:22:47+00:00 WARNING Empty patterns received from the PTK Pattern Store
2025-01-01T15:22:48+00:00 WARNING Empty patterns received from the PTK Pattern Store
2025-01-01T15:22:56+00:00 WARNING Empty patterns received from the PTK Pattern Store
2025-01-01T15:23:02+00:00 WARNING Empty patterns received from the PTK Pattern Store
2025-01-01T15:23:02+00:00 WARNING Empty patterns received from the PTK Pattern Store
2025-01-01T15:23:02+00:00 WARNING Empty patterns received from the PTK Pattern Store
2025-01-01T15:23:02+00:00 WARNING Empty patterns received from the PTK Pattern Store
2025-01-01T15:23:02+00:00 WARNING Empty patterns received from the PTK Pattern Store
2025-01-01T15:23:03+00:00 WARNING Empty patterns received from the PTK Pattern Store
2025-01-01T15:23:32+00:00 WARNING Empty patterns received from the PTK Pattern Store
2025-01-01T15:23:33+00:00 WARNING Empty patterns received from the PTK Pattern Store
2025-01-01T15:23:34+00:00 WARNING Empty patterns received from the PTK Pattern Store
2025-01-01T15:23:46+00:00 WARNING Empty patterns received from the PTK Pattern Store
2025-01-01T15:23:59+00:00 WARNING Empty patterns received from the PTK Pattern Store
2025-01-01T15:25:00+00:00 WARNING Empty patterns received from the PTK Pattern Store
2025-01-01T15:25:01+00:00 WARNING Empty patterns received from the PTK Pattern Store
2025-01-01T15:25:02+00:00 WARNING Empty patterns received from the PTK Pattern Store
2025-01-01T15:25:33+00:00 WARNING Empty patterns received from the PTK Pattern Store
2025-01-01T15:25:34+00:00 WARNING Empty patterns received from the PTK Pattern Store
2025-01-01T15:25:34+00:00 WARNING Empty patterns received from the PTK Pattern Store
2025-01-01T15:25:47+00:00 WARNING Empty patterns received from the PTK Pattern Store
2025-01-01T15:25:59+00:00 WARNING Empty patterns received from the PTK Pattern Store
2025-01-01T15:26:08+00:00 WARNING Empty patterns received from the PTK Pattern Store
2025-01-01T15:26:08+00:00 INFO Payment gateway enabled: "Custom Gateway #1"
2025-01-01T15:26:11+00:00 WARNING Empty patterns received from the PTK Pattern Store
2025-01-01T15:26:11+00:00 WARNING Empty patterns received from the PTK Pattern Store
2025-01-01T15:26:11+00:00 WARNING Empty patterns received from the PTK Pattern Store
2025-01-01T15:26:11+00:00 WARNING Empty patterns received from the PTK Pattern Store
2025-01-01T15:26:11+00:00 WARNING Empty patterns received from the PTK Pattern Store
2025-01-01T15:26:12+00:00 WARNING Empty patterns received from the PTK Pattern Store
2025-01-01T15:26:12+00:00 WARNING Empty patterns received from the PTK Pattern Store
2025-01-01T15:26:12+00:00 WARNING Empty patterns received from the PTK Pattern Store
2025-01-01T15:27:12+00:00 WARNING Empty patterns received from the PTK Pattern Store
2025-01-01T15:27:12+00:00 WARNING Empty patterns received from the PTK Pattern Store
2025-01-01T15:27:13+00:00 WARNING Empty patterns received from the PTK Pattern Store
2025-01-01T15:27:13+00:00 WARNING Empty patterns received from the PTK Pattern Store
2025-01-01T15:27:16+00:00 WARNING Empty patterns received from the PTK Pattern Store
2025-01-01T15:27:17+00:00 WARNING Empty patterns received from the PTK Pattern Store
2025-01-01T15:27:17+00:00 WARNING Empty patterns received from the PTK Pattern Store
2025-01-01T15:27:48+00:00 WARNING Empty patterns received from the PTK Pattern Store
2025-01-01T15:27:53+00:00 WARNING Empty patterns received from the PTK Pattern Store
2025-01-01T15:27:59+00:00 WARNING Empty patterns received from the PTK Pattern Store
2025-01-01T15:28:00+00:00 WARNING Empty patterns received from the PTK Pattern Store
2025-01-01T15:29:02+00:00 WARNING Empty patterns received from the PTK Pattern Store
2025-01-01T15:29:03+00:00 WARNING Empty patterns received from the PTK Pattern Store
2025-01-01T15:29:04+00:00 WARNING Empty patterns received from the PTK Pattern Store
2025-01-01T15:29:42+00:00 WARNING Empty patterns received from the PTK Pattern Store
2025-01-01T15:29:43+00:00 WARNING Empty patterns received from the PTK Pattern Store
2025-01-01T15:29:43+00:00 WARNING Empty patterns received from the PTK Pattern Store
2025-01-01T15:29:49+00:00 WARNING Empty patterns received from the PTK Pattern Store
2025-01-01T15:29:50+00:00 WARNING Empty patterns received from the PTK Pattern Store
2025-01-01T15:29:56+00:00 WARNING Empty patterns received from the PTK Pattern Store
2025-01-01T15:30:07+00:00 WARNING Empty patterns received from the PTK Pattern Store
2025-01-01T15:30:15+00:00 WARNING Empty patterns received from the PTK Pattern Store
2025-01-01T15:30:15+00:00 WARNING Empty patterns received from the PTK Pattern Store
2025-01-01T15:30:16+00:00 WARNING Empty patterns received from the PTK Pattern Store
2025-01-01T15:30:19+00:00 WARNING Empty patterns received from the PTK Pattern Store
2025-01-01T15:30:22+00:00 WARNING Empty patterns received from the PTK Pattern Store
2025-01-01T15:31:16+00:00 WARNING Empty patterns received from the PTK Pattern Store
2025-01-01T15:31:17+00:00 WARNING Empty patterns received from the PTK Pattern Store
2025-01-01T15:31:18+00:00 WARNING Empty patterns received from the PTK Pattern Store
2025-01-01T15:31:21+00:00 WARNING Empty patterns received from the PTK Pattern Store
2025-01-01T15:31:21+00:00 WARNING Empty patterns received from the PTK Pattern Store
2025-01-01T15:31:21+00:00 WARNING Empty patterns received from the PTK Pattern Store
2025-01-01T15:31:21+00:00 WARNING Empty patterns received from the PTK Pattern Store
2025-01-01T15:31:21+00:00 WARNING Empty patterns received from the PTK Pattern Store
2025-01-01T15:31:22+00:00 WARNING Empty patterns received from the PTK Pattern Store
2025-01-01T15:31:30+00:00 WARNING Empty patterns received from the PTK Pattern Store
2025-01-01T15:31:32+00:00 WARNING Empty patterns received from the PTK Pattern Store
2025-01-01T15:31:32+00:00 WARNING Empty patterns received from the PTK Pattern Store
2025-01-01T15:31:32+00:00 WARNING Empty patterns received from the PTK Pattern Store
2025-01-01T15:31:32+00:00 WARNING Empty patterns received from the PTK Pattern Store
2025-01-01T15:31:32+00:00 WARNING Empty patterns received from the PTK Pattern Store
2025-01-01T15:31:32+00:00 WARNING Empty patterns received from the PTK Pattern Store
2025-01-01T15:31:33+00:00 WARNING Empty patterns received from the PTK Pattern Store
2025-01-01T15:31:34+00:00 WARNING Empty patterns received from the PTK Pattern Store
2025-01-01T15:31:34+00:00 WARNING Empty patterns received from the PTK Pattern Store
2025-01-01T15:31:34+00:00 INFO Payment gateway enabled: "Cryptocurrency Payment Gateway"
2025-01-01T15:31:36+00:00 WARNING Empty patterns received from the PTK Pattern Store
2025-01-01T15:31:40+00:00 WARNING Empty patterns received from the PTK Pattern Store
2025-01-01T15:31:44+00:00 WARNING Empty patterns received from the PTK Pattern Store
2025-01-01T15:31:45+00:00 WARNING Empty patterns received from the PTK Pattern Store
2025-01-01T15:31:47+00:00 WARNING Empty patterns received from the PTK Pattern Store
2025-01-01T15:31:49+00:00 WARNING Empty patterns received from the PTK Pattern Store
2025-01-01T15:31:50+00:00 WARNING Empty patterns received from the PTK Pattern Store
2025-01-01T15:32:02+00:00 WARNING Empty patterns received from the PTK Pattern Store
2025-01-01T15:32:03+00:00 WARNING Empty patterns received from the PTK Pattern Store
2025-01-01T15:32:23+00:00 WARNING Empty patterns received from the PTK Pattern Store
2025-01-01T15:32:24+00:00 WARNING Empty patterns received from the PTK Pattern Store
2025-01-01T15:32:25+00:00 WARNING Empty patterns received from the PTK Pattern Store
2025-01-01T15:32:27+00:00 WARNING Empty patterns received from the PTK Pattern Store
2025-01-01T15:32:27+00:00 WARNING Empty patterns received from the PTK Pattern Store
2025-01-01T15:32:27+00:00 WARNING Empty patterns received from the PTK Pattern Store
2025-01-01T15:32:27+00:00 WARNING Empty patterns received from the PTK Pattern Store
2025-01-01T15:32:27+00:00 WARNING Empty patterns received from the PTK Pattern Store
2025-01-01T15:32:28+00:00 WARNING Empty patterns received from the PTK Pattern Store
2025-01-01T15:32:30+00:00 WARNING Empty patterns received from the PTK Pattern Store
2025-01-01T15:32:33+00:00 WARNING Empty patterns received from the PTK Pattern Store
2025-01-01T15:32:33+00:00 WARNING Empty patterns received from the PTK Pattern Store
2025-01-01T15:32:33+00:00 WARNING Empty patterns received from the PTK Pattern Store
2025-01-01T15:32:33+00:00 WARNING Empty patterns received from the PTK Pattern Store
2025-01-01T15:32:33+00:00 WARNING Empty patterns received from the PTK Pattern Store
2025-01-01T15:32:33+00:00 WARNING Empty patterns received from the PTK Pattern Store
2025-01-01T15:32:34+00:00 WARNING Empty patterns received from the PTK Pattern Store
2025-01-01T15:32:34+00:00 WARNING Empty patterns received from the PTK Pattern Store
2025-01-01T15:32:36+00:00 WARNING Empty patterns received from the PTK Pattern Store
2025-01-01T15:32:38+00:00 WARNING Empty patterns received from the PTK Pattern Store
2025-01-01T15:32:38+00:00 WARNING Empty patterns received from the PTK Pattern Store
2025-01-01T15:32:38+00:00 WARNING Empty patterns received from the PTK Pattern Store
2025-01-01T15:32:38+00:00 WARNING Empty patterns received from the PTK Pattern Store
2025-01-01T15:32:38+00:00 WARNING Empty patterns received from the PTK Pattern Store
2025-01-01T15:32:39+00:00 WARNING Empty patterns received from the PTK Pattern Store
2025-01-01T15:32:54+00:00 WARNING Empty patterns received from the PTK Pattern Store
2025-01-01T15:32:57+00:00 WARNING Empty patterns received from the PTK Pattern Store
2025-01-01T15:32:57+00:00 WARNING Empty patterns received from the PTK Pattern Store
2025-01-01T15:32:57+00:00 WARNING Empty patterns received from the PTK Pattern Store
2025-01-01T15:32:57+00:00 WARNING Empty patterns received from the PTK Pattern Store
2025-01-01T15:32:57+00:00 WARNING Empty patterns received from the PTK Pattern Store
2025-01-01T15:32:58+00:00 WARNING Empty patterns received from the PTK Pattern Store
2025-01-01T15:32:59+00:00 WARNING Empty patterns received from the PTK Pattern Store
2025-01-01T15:33:01+00:00 WARNING Empty patterns received from the PTK Pattern Store
2025-01-01T15:33:02+00:00 WARNING Empty patterns received from the PTK Pattern Store
2025-01-01T15:33:23+00:00 WARNING Empty patterns received from the PTK Pattern Store
2025-01-01T15:33:24+00:00 WARNING Empty patterns received from the PTK Pattern Store
2025-01-01T15:33:26+00:00 WARNING Empty patterns received from the PTK Pattern Store
2025-01-01T15:33:28+00:00 WARNING Empty patterns received from the PTK Pattern Store
2025-01-01T15:33:28+00:00 WARNING Empty patterns received from the PTK Pattern Store
2025-01-01T15:33:28+00:00 WARNING Empty patterns received from the PTK Pattern Store
2025-01-01T15:33:28+00:00 WARNING Empty patterns received from the PTK Pattern Store
2025-01-01T15:33:29+00:00 WARNING Empty patterns received from the PTK Pattern Store
2025-01-01T15:33:29+00:00 WARNING Empty patterns received from the PTK Pattern Store
2025-01-01T15:33:30+00:00 WARNING Empty patterns received from the PTK Pattern Store
2025-01-01T15:33:51+00:00 WARNING Empty patterns received from the PTK Pattern Store
2025-01-01T15:35:30+00:00 WARNING Empty patterns received from the PTK Pattern Store
2025-01-01T15:35:31+00:00 WARNING Empty patterns received from the PTK Pattern Store
2025-01-01T15:35:32+00:00 WARNING Empty patterns received from the PTK Pattern Store
2025-01-01T15:35:52+00:00 WARNING Empty patterns received from the PTK Pattern Store
2025-01-01T15:37:28+00:00 WARNING Empty patterns received from the PTK Pattern Store
2025-01-01T15:37:29+00:00 WARNING Empty patterns received from the PTK Pattern Store
2025-01-01T15:37:29+00:00 WARNING Empty patterns received from the PTK Pattern Store
2025-01-01T15:37:30+00:00 WARNING Empty patterns received from the PTK Pattern Store
2025-01-01T15:37:31+00:00 WARNING Empty patterns received from the PTK Pattern Store
2025-01-01T15:37:35+00:00 WARNING Empty patterns received from the PTK Pattern Store
2025-01-01T15:37:40+00:00 WARNING Empty patterns received from the PTK Pattern Store
2025-01-01T15:37:41+00:00 WARNING Empty patterns received from the PTK Pattern Store
2025-01-01T15:37:43+00:00 WARNING Empty patterns received from the PTK Pattern Store
2025-01-01T15:37:59+00:00 WARNING Empty patterns received from the PTK Pattern Store
2025-01-01T15:38:02+00:00 WARNING Empty patterns received from the PTK Pattern Store
2025-01-01T15:38:02+00:00 WARNING Empty patterns received from the PTK Pattern Store
2025-01-01T15:38:02+00:00 WARNING Empty patterns received from the PTK Pattern Store
2025-01-01T15:38:02+00:00 WARNING Empty patterns received from the PTK Pattern Store
2025-01-01T15:38:02+00:00 WARNING Empty patterns received from the PTK Pattern Store
2025-01-01T15:38:02+00:00 WARNING Empty patterns received from the PTK Pattern Store
2025-01-01T15:38:03+00:00 WARNING Empty patterns received from the PTK Pattern Store
2025-01-01T15:38:03+00:00 WARNING Empty patterns received from the PTK Pattern Store
2025-01-01T15:38:03+00:00 WARNING Empty patterns received from the PTK Pattern Store
2025-01-01T15:38:06+00:00 WARNING Empty patterns received from the PTK Pattern Store
2025-01-01T15:38:06+00:00 WARNING Empty patterns received from the PTK Pattern Store
2025-01-01T15:38:06+00:00 WARNING Empty patterns received from the PTK Pattern Store
2025-01-01T15:38:06+00:00 WARNING Empty patterns received from the PTK Pattern Store
2025-01-01T15:38:06+00:00 WARNING Empty patterns received from the PTK Pattern Store
2025-01-01T15:38:06+00:00 WARNING Empty patterns received from the PTK Pattern Store
2025-01-01T15:38:08+00:00 WARNING Empty patterns received from the PTK Pattern Store
2025-01-01T15:38:08+00:00 WARNING Empty patterns received from the PTK Pattern Store
2025-01-01T15:38:08+00:00 WARNING Empty patterns received from the PTK Pattern Store
2025-01-01T15:38:08+00:00 INFO Payment gateway enabled: "Cryptocurrency Payment Gateway"
2025-01-01T15:38:10+00:00 WARNING Empty patterns received from the PTK Pattern Store
2025-01-01T15:38:11+00:00 WARNING Empty patterns received from the PTK Pattern Store
2025-01-01T15:38:22+00:00 WARNING Empty patterns received from the PTK Pattern Store
2025-01-01T15:38:23+00:00 WARNING Empty patterns received from the PTK Pattern Store
2025-01-01T15:38:23+00:00 WARNING Empty patterns received from the PTK Pattern Store
2025-01-01T15:38:27+00:00 WARNING Empty patterns received from the PTK Pattern Store
2025-01-01T15:38:28+00:00 WARNING Empty patterns received from the PTK Pattern Store
2025-01-01T15:38:33+00:00 WARNING Empty patterns received from the PTK Pattern Store
2025-01-01T15:38:34+00:00 WARNING Empty patterns received from the PTK Pattern Store
2025-01-01T15:39:30+00:00 WARNING Empty patterns received from the PTK Pattern Store
2025-01-01T15:39:31+00:00 WARNING Empty patterns received from the PTK Pattern Store
2025-01-01T15:39:31+00:00 WARNING Empty patterns received from the PTK Pattern Store
2025-01-01T15:41:31+00:00 WARNING Empty patterns received from the PTK Pattern Store
2025-01-01T15:41:32+00:00 WARNING Empty patterns received from the PTK Pattern Store
2025-01-01T15:41:32+00:00 WARNING Empty patterns received from the PTK Pattern Store
2025-01-01T15:43:32+00:00 WARNING Empty patterns received from the PTK Pattern Store
2025-01-01T15:43:33+00:00 WARNING Empty patterns received from the PTK Pattern Store
2025-01-01T15:43:34+00:00 WARNING Empty patterns received from the PTK Pattern Store
2025-01-01T15:44:32+00:00 WARNING Empty patterns received from the PTK Pattern Store
2025-01-01T15:44:33+00:00 WARNING Empty patterns received from the PTK Pattern Store
2025-01-01T15:44:33+00:00 WARNING Empty patterns received from the PTK Pattern Store
2025-01-01T15:44:34+00:00 WARNING Empty patterns received from the PTK Pattern Store
2025-01-01T15:44:38+00:00 WARNING Empty patterns received from the PTK Pattern Store
2025-01-01T15:45:01+00:00 WARNING Empty patterns received from the PTK Pattern Store
2025-01-01T15:45:10+00:00 WARNING Empty patterns received from the PTK Pattern Store
2025-01-01T15:45:11+00:00 WARNING Empty patterns received from the PTK Pattern Store
2025-01-01T15:45:12+00:00 WARNING Empty patterns received from the PTK Pattern Store
2025-01-01T15:45:15+00:00 WARNING Empty patterns received from the PTK Pattern Store
2025-01-01T15:45:16+00:00 WARNING Empty patterns received from the PTK Pattern Store
2025-01-01T15:45:17+00:00 WARNING Empty patterns received from the PTK Pattern Store
2025-01-01T15:45:21+00:00 WARNING Empty patterns received from the PTK Pattern Store
2025-01-01T15:45:25+00:00 WARNING Empty patterns received from the PTK Pattern Store
2025-01-01T15:45:26+00:00 WARNING Empty patterns received from the PTK Pattern Store
2025-01-01T15:45:29+00:00 WARNING Empty patterns received from the PTK Pattern Store
2025-01-01T15:45:45+00:00 WARNING Empty patterns received from the PTK Pattern Store
2025-01-01T15:45:46+00:00 WARNING Empty patterns received from the PTK Pattern Store
2025-01-01T15:45:52+00:00 WARNING Empty patterns received from the PTK Pattern Store
2025-01-01T15:45:53+00:00 WARNING Empty patterns received from the PTK Pattern Store
2025-01-01T15:45:55+00:00 WARNING Empty patterns received from the PTK Pattern Store
2025-01-01T15:45:59+00:00 WARNING Empty patterns received from the PTK Pattern Store
2025-01-01T15:46:00+00:00 WARNING Empty patterns received from the PTK Pattern Store
2025-01-01T15:46:03+00:00 WARNING Empty patterns received from the PTK Pattern Store
2025-01-01T15:46:04+00:00 WARNING Empty patterns received from the PTK Pattern Store
2025-01-01T15:46:18+00:00 WARNING Empty patterns received from the PTK Pattern Store
2025-01-01T15:46:19+00:00 WARNING Empty patterns received from the PTK Pattern Store
2025-01-01T15:46:20+00:00 WARNING Empty patterns received from the PTK Pattern Store
2025-01-01T15:46:23+00:00 WARNING Empty patterns received from the PTK Pattern Store
2025-01-01T15:46:24+00:00 WARNING Empty patterns received from the PTK Pattern Store
2025-01-01T15:46:27+00:00 WARNING Empty patterns received from the PTK Pattern Store
2025-01-01T15:46:35+00:00 WARNING Empty patterns received from the PTK Pattern Store
2025-01-01T15:48:11+00:00 WARNING Empty patterns received from the PTK Pattern Store
2025-01-01T15:48:11+00:00 WARNING Empty patterns received from the PTK Pattern Store
2025-01-01T15:48:12+00:00 WARNING Empty patterns received from the PTK Pattern Store
2025-01-01T15:48:13+00:00 WARNING Empty patterns received from the PTK Pattern Store
2025-01-01T15:48:21+00:00 WARNING Empty patterns received from the PTK Pattern Store
2025-01-01T15:48:22+00:00 WARNING Empty patterns received from the PTK Pattern Store
2025-01-01T15:48:23+00:00 WARNING Empty patterns received from the PTK Pattern Store
2025-01-01T15:48:23+00:00 WARNING Empty patterns received from the PTK Pattern Store
2025-01-01T15:48:30+00:00 WARNING Empty patterns received from the PTK Pattern Store
2025-01-01T15:48:31+00:00 WARNING Empty patterns received from the PTK Pattern Store
2025-01-01T15:48:34+00:00 WARNING Empty patterns received from the PTK Pattern Store
2025-01-01T15:48:35+00:00 WARNING Empty patterns received from the PTK Pattern Store
2025-01-01T15:48:39+00:00 WARNING Empty patterns received from the PTK Pattern Store
2025-01-01T15:49:37+00:00 WARNING Empty patterns received from the PTK Pattern Store
2025-01-01T15:49:37+00:00 WARNING Empty patterns received from the PTK Pattern Store
2025-01-01T15:49:38+00:00 WARNING Empty patterns received from the PTK Pattern Store
2025-01-01T15:49:48+00:00 WARNING Empty patterns received from the PTK Pattern Store
2025-01-01T15:49:49+00:00 WARNING Empty patterns received from the PTK Pattern Store
2025-01-01T15:50:52+00:00 WARNING Empty patterns received from the PTK Pattern Store
2025-01-01T15:50:53+00:00 WARNING Empty patterns received from the PTK Pattern Store
2025-01-01T15:50:54+00:00 WARNING Empty patterns received from the PTK Pattern Store
2025-01-01T15:51:18+00:00 WARNING Empty patterns received from the PTK Pattern Store
2025-01-01T15:51:19+00:00 WARNING Empty patterns received from the PTK Pattern Store
2025-01-01T15:51:20+00:00 WARNING Empty patterns received from the PTK Pattern Store
2025-01-01T15:51:25+00:00 WARNING Empty patterns received from the PTK Pattern Store
2025-01-01T15:51:58+00:00 WARNING Empty patterns received from the PTK Pattern Store
2025-01-01T15:51:58+00:00 WARNING Empty patterns received from the PTK Pattern Store
2025-01-01T15:52:08+00:00 WARNING Empty patterns received from the PTK Pattern Store
2025-01-01T15:52:13+00:00 WARNING Empty patterns received from the PTK Pattern Store
2025-01-01T15:52:14+00:00 WARNING Empty patterns received from the PTK Pattern Store
2025-01-01T15:52:16+00:00 WARNING Empty patterns received from the PTK Pattern Store
2025-01-01T15:52:17+00:00 WARNING Empty patterns received from the PTK Pattern Store
2025-01-01T15:52:18+00:00 WARNING Empty patterns received from the PTK Pattern Store
2025-01-01T15:52:24+00:00 WARNING Empty patterns received from the PTK Pattern Store
2025-01-01T15:52:27+00:00 WARNING Empty patterns received from the PTK Pattern Store
2025-01-01T15:52:27+00:00 WARNING Empty patterns received from the PTK Pattern Store
2025-01-01T15:52:27+00:00 WARNING Empty patterns received from the PTK Pattern Store
2025-01-01T15:52:27+00:00 WARNING Empty patterns received from the PTK Pattern Store
2025-01-01T15:52:27+00:00 WARNING Empty patterns received from the PTK Pattern Store
2025-01-01T15:52:28+00:00 WARNING Empty patterns received from the PTK Pattern Store
2025-01-01T15:53:09+00:00 WARNING Empty patterns received from the PTK Pattern Store
2025-01-01T15:53:09+00:00 WARNING Empty patterns received from the PTK Pattern Store
2025-01-01T15:53:12+00:00 WARNING Empty patterns received from the PTK Pattern Store
2025-01-01T15:53:13+00:00 WARNING Empty patterns received from the PTK Pattern Store
2025-01-01T15:53:22+00:00 WARNING Empty patterns received from the PTK Pattern Store
2025-01-01T15:53:23+00:00 WARNING Empty patterns received from the PTK Pattern Store
2025-01-01T15:53:23+00:00 WARNING Empty patterns received from the PTK Pattern Store
2025-01-01T15:53:27+00:00 WARNING Empty patterns received from the PTK Pattern Store
2025-01-01T15:53:27+00:00 WARNING Empty patterns received from the PTK Pattern Store
2025-01-01T15:53:27+00:00 WARNING Empty patterns received from the PTK Pattern Store
2025-01-01T15:53:27+00:00 WARNING Empty patterns received from the PTK Pattern Store
2025-01-01T15:53:27+00:00 WARNING Empty patterns received from the PTK Pattern Store
2025-01-01T15:53:27+00:00 WARNING Empty patterns received from the PTK Pattern Store
2025-01-01T15:53:28+00:00 WARNING Empty patterns received from the PTK Pattern Store
2025-01-01T15:53:28+00:00 WARNING Empty patterns received from the PTK Pattern Store
2025-01-01T15:54:25+00:00 WARNING Empty patterns received from the PTK Pattern Store
2025-01-01T15:54:26+00:00 WARNING Empty patterns received from the PTK Pattern Store
2025-01-01T15:54:26+00:00 WARNING Empty patterns received from the PTK Pattern Store
2025-01-01T15:54:27+00:00 WARNING Empty patterns received from the PTK Pattern Store
2025-01-01T15:54:29+00:00 WARNING Empty patterns received from the PTK Pattern Store
2025-01-01T15:54:30+00:00 WARNING Empty patterns received from the PTK Pattern Store
2025-01-01T15:56:29+00:00 WARNING Empty patterns received from the PTK Pattern Store
2025-01-01T15:56:30+00:00 WARNING Empty patterns received from the PTK Pattern Store
2025-01-01T15:56:31+00:00 WARNING Empty patterns received from the PTK Pattern Store
2025-01-01T15:56:31+00:00 WARNING Empty patterns received from the PTK Pattern Store
2025-01-01T15:56:34+00:00 WARNING Empty patterns received from the PTK Pattern Store
2025-01-01T15:56:50+00:00 WARNING Empty patterns received from the PTK Pattern Store
2025-01-01T15:56:54+00:00 WARNING Empty patterns received from the PTK Pattern Store
2025-01-01T15:57:05+00:00 WARNING Empty patterns received from the PTK Pattern Store
2025-01-01T15:57:36+00:00 WARNING Empty patterns received from the PTK Pattern Store
2025-01-01T15:57:37+00:00 WARNING Empty patterns received from the PTK Pattern Store
2025-01-01T15:57:38+00:00 WARNING Empty patterns received from the PTK Pattern Store
