2025-01-01T08:22:29+00:00 DEBUG POST: https://ads.tiktok.com/marketing_api/api/developer/app/create_auto_approve/

{"business_platform":"PROD","smb_id":"tt4b_woocommerce_6774fb4510a53httpslocalhostbobbyshopwp-admin","smb_name":"PROD","redirect_url":"https:\/\/localhost\/bobbyshop\/wp-admin\/"}
 ajax: no
2025-01-01T08:22:29+00:00 DEBUG Tt4b_Mapi_Class::create_open_source_app: Response: 

HTTP/1.1 200 OK
Content-Type: application/json
X-Tt-Logid: 20250101082232D13238F6AE6BBB811040,20250101082232D13238F6AE6BBB811040
Strict-Transport-Security: max-age=31536000; includeSubDomains
Server-Timing: inner; dur=99
x-tt-trace-host: 011d0807b51ff7c2fef3e6afbf81f3fcf7c323e7a5b9a037968925bbea199714b30a00bf14b5f037e7ff840bd51acb12ef1605f7dd64ac9b1378b0ee215d7f8860fd861a97f749724481c6faf7c4410ad4ee5398647d43fa21dc67ffe372430011
x-tt-trace-id: 00-250101082232D13238F6AE6BBB811040-3F33A66B17D2DA86-00
Server: TLB
Content-Encoding: gzip
Date: Wed, 01 Jan 2025 08:22:33 GMT
Content-Length: 208
X-Cache: TCP_MISS from a23-36-145-47.deploy.akamaitechnologies.com (AkamaiGHost/11.7.2.1-35a4fcef889a1f053c9fa641f2ccd99a) (-)
Connection: close
Vary: Accept-Encoding
x-tt-trace-tag: id=16;cdn-cache=miss;type=dyn
Server-Timing: cdn-cache; desc=MISS, edge; dur=3, origin; dur=154
X-Origin-Response-Time: 154,23.36.145.47
X-Akamai-Request-ID: b8418d35

{"code":0,"msg":"ok","data":{"app_id":"7454859575397728272","app_secret":"4d6c5a526e3739da83683503a0ce2b16dcbe2a9f","external_data_key":"cb2a9bf7-c2e8-4dfa-ae20-d3d273a09c8b","redirect_uri":"https:\/\/localhost\/bobbyshop\/wp-admin\/"}}
2025-01-01T09:34:59+00:00 DEBUG Tt4b_Pixel_Class::inject_add_to_cart_event: hit AddToCart
2025-01-01T09:34:59+00:00 DEBUG Tt4b_Pixel_Class::inject_add_to_cart_event: Missing option "access_token"
2025-01-01T09:35:04+00:00 DEBUG Tt4b_Pixel_Class::inject_initiate_checkout_event: hit InitiateCheckout
2025-01-01T09:35:04+00:00 DEBUG Tt4b_Pixel_Class::inject_initiate_checkout_event: Missing option "access_token"
2025-01-01T10:04:41+00:00 DEBUG Tt4b_Pixel_Class::inject_initiate_checkout_event: hit InitiateCheckout
2025-01-01T10:04:41+00:00 DEBUG Tt4b_Pixel_Class::inject_initiate_checkout_event: Missing option "access_token"
2025-01-01T15:13:51+00:00 DEBUG Tt4b_Pixel_Class::inject_add_to_cart_event: hit AddToCart
2025-01-01T15:13:51+00:00 DEBUG Tt4b_Pixel_Class::inject_add_to_cart_event: Missing option "access_token"
2025-01-01T15:13:53+00:00 DEBUG Tt4b_Pixel_Class::inject_add_to_cart_event: hit AddToCart
2025-01-01T15:13:53+00:00 DEBUG Tt4b_Pixel_Class::inject_add_to_cart_event: Missing option "access_token"
2025-01-01T15:14:18+00:00 DEBUG Tt4b_Pixel_Class::inject_initiate_checkout_event: hit InitiateCheckout
2025-01-01T15:14:18+00:00 DEBUG Tt4b_Pixel_Class::inject_initiate_checkout_event: Missing option "access_token"
2025-01-01T15:14:20+00:00 DEBUG Tt4b_Pixel_Class::inject_initiate_checkout_event: hit InitiateCheckout
2025-01-01T15:14:20+00:00 DEBUG Tt4b_Pixel_Class::inject_initiate_checkout_event: Missing option "access_token"
2025-01-01T15:21:53+00:00 DEBUG POST: https://business-api.tiktok.com/tbp/v2.0/business_profile/disconnect?external_data=

{"business_platform":"WOO_COMMERCE","external_business_id":"tt4b_woocommerce_6774fb4510a53"}
 ajax: no
2025-01-01T15:21:53+00:00 DEBUG Tt4b_Mapi_Class::tbp_post: Response: 

HTTP/1.1 200 OK
Content-Type: application/json; charset=utf-8
Content-Length: 95
X-Api-Deprecation-Info: API for Business Version 1.3 is now live. To avoid disruption to your business, we recommend you migrate all calls to v1.3 as soon as possible. Please visit our migration guide for more details: https://ads.tiktok.com/marketing_api/docs?id=1740029169927169
X-Domain-Change-Info: We have moved to the new domain business-api.tiktok.com for API services after the Platform Upgrade on 09/30/2021. Please update all of your requests with the new domain if you haven't done so already. For more information, please visit https://ads.tiktok.com/marketing_api/docs?rid=esb88xalm6m&id=1709207085043713
X-Tt-Logid: 20250101152152A4975B26CB2D55D3C3FB
Server-Timing: inner; dur=6
x-tt-trace-host: 011d0807b51ff7c2fef3e6afbf81f3fcf77b860eaf9a3932fb0ba5576059a4fe785c56e1942f9c9dfa04467811d1e8384e64de098ac96771674c682863e09dfd2dab84b6ddb04ab92a01e4863e7074e99e63e8f510b23481a03b8e4716f83e7264
x-tt-trace-id: 00-250101152152A4975B26CB2D55D3C3FB-56B47D1724067E27-00
Server: TLB
Expires: Wed, 01 Jan 2025 15:21:53 GMT
Cache-Control: max-age=0, no-cache, no-store
Pragma: no-cache
Date: Wed, 01 Jan 2025 15:21:53 GMT
X-Cache: TCP_MISS from a23-33-91-118.deploy.akamaitechnologies.com (AkamaiGHost/11.7.2.1-9611f29bef89eba7b18045b10aa2af98) (-)
Connection: close
x-tt-trace-tag: id=16;cdn-cache=miss;type=dyn
Server-Timing: cdn-cache; desc=MISS, edge; dur=2, origin; dur=105
X-Origin-Response-Time: 105,23.33.91.118
X-Akamai-Request-ID: 206965f1

{"code":40001,"message":"Permission denied.","request_id":"20250101152152A4975B26CB2D55D3C3FB"}
2025-01-01T15:21:53+00:00 DEBUG POST: https://business-api.tiktok.com/tbp/v2.0/shop/connection/disconnect?external_data=

--- EMPTY STRING ---
 ajax: no
2025-01-01T15:21:53+00:00 DEBUG Tt4b_Mapi_Class::tts_shop_disconnect: Response: 

HTTP/1.1 200 OK
Content-Type: application/json; charset=utf-8
Content-Length: 95
X-Api-Deprecation-Info: API for Business Version 1.3 is now live. To avoid disruption to your business, we recommend you migrate all calls to v1.3 as soon as possible. Please visit our migration guide for more details: https://ads.tiktok.com/marketing_api/docs?id=1740029169927169
X-Domain-Change-Info: We have moved to the new domain business-api.tiktok.com for API services after the Platform Upgrade on 09/30/2021. Please update all of your requests with the new domain if you haven't done so already. For more information, please visit https://ads.tiktok.com/marketing_api/docs?rid=esb88xalm6m&id=1709207085043713
X-Tt-Logid: 20250101152152D0588BAD2891BF91F3D3
x-tt-trace-host: 011d0807b51ff7c2fef3e6afbf81f3fcf7f494be3d7413e435b6556025baf8ff312dba88c864a7092bd6381bd1311006d673a357eb77c54a4aa4870dc82447c31a49c29559274946e17a79ed0cb459122928dc42407e80e1f95d6e7bfa2a6752e8c7275c32d3e0a94c48d8cbf54cc84970
x-tt-trace-id: 00-250101152152D0588BAD2891BF91F3D3-11D79F271FF2C4EC-00
Server: TLB
X-Origin-Response-Time: 11,23.54.124.72
X-Akamai-Request-ID: 64983b3d.d37c6782
Expires: Wed, 01 Jan 2025 15:21:53 GMT
Cache-Control: max-age=0, no-cache, no-store
Pragma: no-cache
Date: Wed, 01 Jan 2025 15:21:53 GMT
X-Cache: TCP_MISS from a23-33-91-107.deploy.akamaitechnologies.com (AkamaiGHost/11.7.2.1-9611f29bef89eba7b18045b10aa2af98) (-)
Connection: close
X-Cache-Remote: TCP_MISS from a23-54-124-72.deploy.akamaitechnologies.com (AkamaiGHost/11.7.2.1-9611f29bef89eba7b18045b10aa2af98) (-)
x-tt-trace-tag: id=16;cdn-cache=miss;type=dyn
Server-Timing: cdn-cache; desc=MISS, edge; dur=33, origin; dur=11
Server-Timing: inner; dur=6
X-Parent-Response-Time: 44,23.33.91.107

{"code":40001,"message":"Permission denied.","request_id":"20250101152152D0588BAD2891BF91F3D3"}
